Detecting compiler hash for triplet x64-windows...
Compiler found: C:/Program Files/Microsoft Visual Studio/18/Community/VC/Tools/MSVC/14.51.36231/bin/Hostx64/x64/cl.exe
Detecting compiler hash for triplet x64-mingw-static...
Compiler found: C:/raylib/w64devkit/bin/x86_64-w64-mingw32-g++.exe
The following packages are already installed:
    fluidsynth:x64-mingw-static@2.5.5
  * gcem:x64-mingw-static@1.18.0
    rtmidi:x64-mingw-static@6.0.0
  * vcpkg-cmake:x64-windows@2024-04-23
  * vcpkg-cmake-config:x64-windows@2024-05-23
fluidsynth provides CMake targets:

  find_package(FluidSynth CONFIG REQUIRED)
  target_link_libraries(main PRIVATE FluidSynth::libfluidsynth)
  add_custom_command(OUTPUT result COMMAND FluidSynth::q ARGS ...)

fluidsynth provides pkg-config modules:

  # Software SoundFont synth
  fluidsynth

rtmidi provides CMake targets:

  # this is heuristically generated, and may not be correct
  find_package(rtmidi CONFIG REQUIRED)
  target_link_libraries(main PRIVATE RtMidi::rtmidi)

rtmidi provides pkg-config modules:

  # RtMidi - a set of C++ classes that provide a common API for realtime MIDI input/output
  rtmidi

All requested installations completed successfully in: 693 us
